c:\users\user\desktop\flamingo\flamingoclient\source\debug\flamingo.pch
c:\users\user\desktop\flamingo\flamingoclient\source\debug\vc142.pdb
c:\users\user\desktop\flamingo\flamingoclient\source\debug\stdafx.obj
c:\users\user\desktop\flamingo\flamingoclient\source\debug\faceseldlg.obj
c:\users\user\desktop\flamingo\flamingoclient\source\debug\facelist.obj
c:\users\user\desktop\flamingo\flamingoclient\source\debug\facectrl.obj
c:\users\user\desktop\flamingo\flamingoclient\source\debug\encodeutil.obj
c:\users\user\desktop\flamingo\flamingoclient\source\debug\criticalsection.obj
c:\users\user\desktop\flamingo\flamingoclient\source\debug\createnewgroupdlg.obj
c:\users\user\desktop\flamingo\flamingoclient\source\debug\crash.obj
c:\users\user\desktop\flamingo\flamingoclient\source\debug\closepromptdlg.obj
c:\users\user\desktop\flamingo\flamingoclient\source\debug\checknetworkstatustask.obj
c:\users\user\desktop\flamingo\flamingoclient\source\debug\chattabmgr.obj
c:\users\user\desktop\flamingo\flamingoclient\source\debug\chatdlgcommon.obj
c:\users\user\desktop\flamingo\flamingoclient\source\debug\changepicheaddlg.obj
c:\users\user\desktop\flamingo\flamingoclient\source\debug\cascadewinmanager.obj
c:\users\user\desktop\flamingo\flamingoclient\source\debug\buffer.obj
c:\users\user\desktop\flamingo\flamingoclient\source\debug\buddylistctrl.obj
c:\users\user\desktop\flamingo\flamingoclient\source\debug\buddyinfofloatwnd.obj
c:\users\user\desktop\flamingo\flamingoclient\source\debug\buddyinfodlg.obj
c:\users\user\desktop\flamingo\flamingoclient\source\debug\buddychatdlg.obj
c:\users\user\desktop\flamingo\flamingoclient\source\debug\addfriendconfirmdlg.obj
c:\users\user\desktop\flamingo\flamingoclient\source\debug\aboutdlg.obj
c:\users\user\desktop\flamingo\flamingoclient\source\debug\logindlg.obj
c:\users\user\desktop\flamingo\flamingoclient\source\debug\loginaccountlist.obj
c:\users\user\desktop\flamingo\flamingoclient\source\debug\json_writer.obj
c:\users\user\desktop\flamingo\flamingoclient\source\debug\json_value.obj
c:\users\user\desktop\flamingo\flamingoclient\source\debug\json_reader.obj
c:\users\user\desktop\flamingo\flamingoclient\source\debug\iulog.obj
c:\users\user\desktop\flamingo\flamingoclient\source\debug\inifile.obj
c:\users\user\desktop\flamingo\flamingoclient\source\debug\imagetaskthread.obj
c:\users\user\desktop\flamingo\flamingoclient\source\debug\imageex.obj
c:\users\user\desktop\flamingo\flamingoclient\source\debug\heartbeattask.obj
c:\users\user\desktop\flamingo\flamingoclient\source\debug\groupinfodlg.obj
c:\users\user\desktop\flamingo\flamingoclient\source\debug\groupchatdlg.obj
c:\users\user\desktop\flamingo\flamingoclient\source\debug\gifimage.obj
c:\users\user\desktop\flamingo\flamingoclient\source\debug\gdifactory.obj
c:\users\user\desktop\flamingo\flamingoclient\source\debug\fontseldlg.obj
c:\users\user\desktop\flamingo\flamingoclient\source\debug\findfrienddlg.obj
c:\users\user\desktop\flamingo\flamingoclient\source\debug\filetransferctrl.obj
c:\users\user\desktop\flamingo\flamingoclient\source\debug\filetaskthread.obj
c:\users\user\desktop\flamingo\flamingoclient\source\debug\file2.obj
c:\users\user\desktop\flamingo\flamingoclient\source\debug\file.obj
c:\users\user\desktop\flamingo\flamingoclient\source\debug\recentlistctrl.obj
c:\users\user\desktop\flamingo\flamingoclient\source\debug\picbardlg.obj
c:\users\user\desktop\flamingo\flamingoclient\source\debug\performancecounter.obj
c:\users\user\desktop\flamingo\flamingoclient\source\debug\path.obj
c:\users\user\desktop\flamingo\flamingoclient\source\debug\protocolstream.obj
c:\users\user\desktop\flamingo\flamingoclient\source\debug\iusocket.obj
c:\users\user\desktop\flamingo\flamingoclient\source\debug\iuprotocoldata.obj
c:\users\user\desktop\flamingo\flamingoclient\source\debug\multichatmemberselectiondlg.obj
c:\users\user\desktop\flamingo\flamingoclient\source\debug\multichatdlg.obj
c:\users\user\desktop\flamingo\flamingoclient\source\debug\msgtipdlg.obj
c:\users\user\desktop\flamingo\flamingoclient\source\debug\modifypassworddlg.obj
c:\users\user\desktop\flamingo\flamingoclient\source\debug\modifymarknamedlg.obj
c:\users\user\desktop\flamingo\flamingoclient\source\debug\mobilestatusdlg.obj
c:\users\user\desktop\flamingo\flamingoclient\source\debug\minubuffer.obj
c:\users\user\desktop\flamingo\flamingoclient\source\debug\messagelogger.obj
c:\users\user\desktop\flamingo\flamingoclient\source\debug\md5sum.obj
c:\users\user\desktop\flamingo\flamingoclient\source\debug\md5.obj
c:\users\user\desktop\flamingo\flamingoclient\source\debug\maindlg.obj
c:\users\user\desktop\flamingo\flamingoclient\source\debug\logonuserinfodlg.obj
c:\users\user\desktop\flamingo\flamingoclient\source\debug\loginsettingsdlg.obj
c:\users\user\desktop\flamingo\flamingoclient\source\debug\skinrichedit.obj
c:\users\user\desktop\flamingo\flamingoclient\source\debug\skinpicturebox.obj
c:\users\user\desktop\flamingo\flamingoclient\source\debug\skinmessagebox.obj
c:\users\user\desktop\flamingo\flamingoclient\source\debug\skinmenu.obj
c:\users\user\desktop\flamingo\flamingoclient\source\debug\skinmanager.obj
c:\users\user\desktop\flamingo\flamingoclient\source\debug\skinlistctrl.obj
c:\users\user\desktop\flamingo\flamingoclient\source\debug\skinhyperlink.obj
c:\users\user\desktop\flamingo\flamingoclient\source\debug\skinedit.obj
c:\users\user\desktop\flamingo\flamingoclient\source\debug\skindialog.obj
c:\users\user\desktop\flamingo\flamingoclient\source\debug\skincombobox.obj
c:\users\user\desktop\flamingo\flamingoclient\source\debug\skinbutton.obj
c:\users\user\desktop\flamingo\flamingoclient\source\debug\sesschatdlg.obj
c:\users\user\desktop\flamingo\flamingoclient\source\debug\sendmsgthread.obj
c:\users\user\desktop\flamingo\flamingoclient\source\debug\richeditutil.obj
c:\users\user\desktop\flamingo\flamingoclient\source\debug\until.obj
c:\users\user\desktop\flamingo\flamingoclient\source\debug\screenspy.obj
c:\users\user\desktop\flamingo\flamingoclient\source\debug\screenmanager.obj
c:\users\user\desktop\flamingo\flamingoclient\source\debug\remotedesktopdlg.obj
c:\users\user\desktop\flamingo\flamingoclient\source\debug\registerdialog.obj
c:\users\user\desktop\flamingo\flamingoclient\source\debug\recvmsgthread.obj
c:\users\user\desktop\flamingo\flamingoclient\source\debug\usermgr.obj
c:\users\user\desktop\flamingo\flamingoclient\source\debug\flamingoclient.obj
c:\users\user\desktop\flamingo\flamingoclient\source\debug\usersnapinfodlg.obj
c:\users\user\desktop\flamingo\flamingoclient\source\debug\usersessiondata.obj
c:\users\user\desktop\flamingo\flamingoclient\source\debug\userconfig.obj
c:\users\user\desktop\flamingo\flamingoclient\source\debug\updater.obj
c:\users\user\desktop\flamingo\flamingoclient\source\debug\updatedlg.obj
c:\users\user\desktop\flamingo\flamingoclient\source\debug\trayicon.obj
c:\users\user\desktop\flamingo\flamingoclient\source\debug\time.obj
c:\users\user\desktop\flamingo\flamingoclient\source\debug\threadpool.obj
c:\users\user\desktop\flamingo\flamingoclient\source\debug\thread.obj
c:\users\user\desktop\flamingo\flamingoclient\source\debug\teamdlg.obj
c:\users\user\desktop\flamingo\flamingoclient\source\debug\systemsettingdlg.obj
c:\users\user\desktop\flamingo\flamingoclient\source\debug\startup.obj
c:\users\user\desktop\flamingo\flamingoclient\source\debug\splitterctrl.obj
c:\users\user\desktop\flamingo\flamingoclient\source\debug\skinwebbrowser.obj
c:\users\user\desktop\flamingo\flamingoclient\source\debug\skintoolbar.obj
c:\users\user\desktop\flamingo\flamingoclient\source\debug\skintabctrl.obj
c:\users\user\desktop\flamingo\flamingoclient\source\debug\skinstatic.obj
c:\users\user\desktop\flamingo\flamingoclient\source\debug\skinscrollbar.obj
c:\users\user\desktop\flamingo\flamingoclient\source\debug\zlibutil.obj
c:\users\user\desktop\flamingo\flamingoclient\source\debug\xmldocument.obj
c:\users\user\desktop\flamingo\flamingoclient\source\debug\utils.obj
c:\users\user\desktop\flamingo\flamingoclient\source\debug\zutil.obj
c:\users\user\desktop\flamingo\flamingoclient\source\debug\zlibdemo.obj
c:\users\user\desktop\flamingo\flamingoclient\source\debug\uncompr.obj
c:\users\user\desktop\flamingo\flamingoclient\source\debug\trees.obj
c:\users\user\desktop\flamingo\flamingoclient\source\debug\inftrees.obj
c:\users\user\desktop\flamingo\flamingoclient\source\debug\inflate.obj
c:\users\user\desktop\flamingo\flamingoclient\source\debug\inffast.obj
c:\users\user\desktop\flamingo\flamingoclient\source\debug\infback.obj
c:\users\user\desktop\flamingo\flamingoclient\source\debug\gzwrite.obj
c:\users\user\desktop\flamingo\flamingoclient\source\debug\gzread.obj
c:\users\user\desktop\flamingo\flamingoclient\source\debug\gzlib.obj
c:\users\user\desktop\flamingo\flamingoclient\source\debug\gzclose.obj
c:\users\user\desktop\flamingo\flamingoclient\source\debug\deflate.obj
c:\users\user\desktop\flamingo\flamingoclient\source\debug\crc32.obj
c:\users\user\desktop\flamingo\flamingoclient\source\debug\compress.obj
c:\users\user\desktop\flamingo\flamingoclient\source\debug\adler32.obj
c:\users\user\desktop\flamingo\flamingoclient\source\debug\flamingo.res
c:\users\user\desktop\flamingo\flamingoclient\source\debug\msxml3.tli
c:\users\user\desktop\flamingo\flamingoclient\source\debug\msxml3.tlh
c:\users\user\desktop\flamingo\flamingoclient\bin\flamingo.exe
c:\users\user\desktop\flamingo\flamingoclient\source\debug\flamingo.tlog\cl.command.1.tlog
c:\users\user\desktop\flamingo\flamingoclient\source\debug\flamingo.tlog\cl.read.1.tlog
c:\users\user\desktop\flamingo\flamingoclient\source\debug\flamingo.tlog\cl.write.1.tlog
c:\users\user\desktop\flamingo\flamingoclient\source\debug\flamingo.tlog\link.command.1.tlog
c:\users\user\desktop\flamingo\flamingoclient\source\debug\flamingo.tlog\link.read.1.tlog
c:\users\user\desktop\flamingo\flamingoclient\source\debug\flamingo.tlog\link.write.1.tlog
c:\users\user\desktop\flamingo\flamingoclient\source\debug\flamingo.tlog\rc.command.1.tlog
c:\users\user\desktop\flamingo\flamingoclient\source\debug\flamingo.tlog\rc.read.1.tlog
c:\users\user\desktop\flamingo\flamingoclient\source\debug\flamingo.tlog\rc.write.1.tlog
