c:\users\user\desktop\flamingo\flamingoclient\catchscreen\debug\catchscreen.pch
c:\users\user\desktop\flamingo\flamingoclient\catchscreen\debug\vc142.pdb
c:\users\user\desktop\flamingo\flamingoclient\catchscreen\debug\stdafx.obj
c:\users\user\desktop\flamingo\flamingoclient\catchscreen\debug\trackerex.obj
c:\users\user\desktop\flamingo\flamingoclient\catchscreen\debug\editex.obj
c:\users\user\desktop\flamingo\flamingoclient\catchscreen\debug\catchscreendlg.obj
c:\users\user\desktop\flamingo\flamingoclient\catchscreen\debug\catchscreen.obj
c:\users\user\desktop\flamingo\flamingoclient\bin\catchscreen.ilk
c:\users\user\desktop\flamingo\flamingoclient\bin\catchscreen.exe
c:\users\user\desktop\flamingo\flamingoclient\bin\catchscreen.pdb
c:\users\user\desktop\flamingo\flamingoclient\catchscreen\debug\catchscreen.res
c:\users\user\desktop\flamingo\flamingoclient\catchscreen\debug\catchscreen.tlog\cl.command.1.tlog
c:\users\user\desktop\flamingo\flamingoclient\catchscreen\debug\catchscreen.tlog\cl.read.1.tlog
c:\users\user\desktop\flamingo\flamingoclient\catchscreen\debug\catchscreen.tlog\cl.write.1.tlog
c:\users\user\desktop\flamingo\flamingoclient\catchscreen\debug\catchscreen.tlog\link.command.1.tlog
c:\users\user\desktop\flamingo\flamingoclient\catchscreen\debug\catchscreen.tlog\link.read.1.tlog
c:\users\user\desktop\flamingo\flamingoclient\catchscreen\debug\catchscreen.tlog\link.write.1.tlog
c:\users\user\desktop\flamingo\flamingoclient\catchscreen\debug\catchscreen.tlog\rc.command.1.tlog
c:\users\user\desktop\flamingo\flamingoclient\catchscreen\debug\catchscreen.tlog\rc.read.1.tlog
c:\users\user\desktop\flamingo\flamingoclient\catchscreen\debug\catchscreen.tlog\rc.write.1.tlog
